<?xml version="1.0" encoding="UTF-8"?>
<!-- Generated by org.testng.reporters.JUnitReportReporter -->
<testsuite hostname="LAPTOP-RUKQGR54" failures="0" tests="4" name="login_Module.Home" time="9.205" errors="0" timestamp="2024-07-29T17:45:16 IST" skipped="0">
  <testcase classname="login_Module.Home" name="VerifyURL" time="0.077"/>
  <testcase classname="login_Module.Home" name="VerifyCreateAcc" time="1.551"/>
  <testcase classname="login_Module.Home" name="Verifylogoimage" time="0.133"/>
  <testcase classname="login_Module.Home" name="VerifySupportlink" time="7.444"/>
</testsuite> <!-- login_Module.Home -->
